2025-02-24 16:46:37,847 INFO     Starting server at tcp:port=8000:interface=0.0.0.0
2025-02-24 16:46:37,848 INFO     HTTP/2 support not enabled (install the http2 and tls Twisted extras)
2025-02-24 16:46:37,848 INFO     Configuring endpoint tcp:port=8000:interface=0.0.0.0
2025-02-24 16:46:37,848 INFO     Listening on TCP address 0.0.0.0:8000
172.18.0.4:35218 - - [24/Feb/2025:16:46:49] "GET /game/9/" 200 679
172.18.0.4:35232 - - [24/Feb/2025:16:46:49] "WSCONNECTING /ws/game/" - -
172.18.0.4:35232 - - [24/Feb/2025:16:46:49] "WSCONNECT /ws/game/" - -
{'type': 'start_game', 'lobby_id': '9'}
Starting game for lobby ID: 9
{'type': 'make_move', 'session_id': 35, 'username': 'marisa smells', 'card_ids': ['29', '75', '10']}
board before adding {'0': '51', '1': '53', '3': '34', '4': '59', '5': '5', '7': '56', '9': '9', '10': '63', '11': '73'}
board after adding {'0': '51', '1': '53', '3': '34', '4': '59', '5': '5', '7': '56', '9': '9', '10': '63', '11': '73', '6': '23', '2': '46', '8': '79'}
{'type': 'make_move', 'session_id': 35, 'username': 'marisa smells', 'card_ids': ['51', '53', '46']}
board before adding {'3': '34', '4': '59', '5': '5', '7': '56', '9': '9', '10': '63', '11': '73', '6': '23', '8': '79'}
board after adding {'3': '34', '4': '59', '5': '5', '7': '56', '9': '9', '10': '63', '11': '73', '6': '23', '8': '79', '1': '52', '2': '6', '0': '18'}
{'type': 'make_move', 'session_id': 35, 'username': 'marisa smells', 'card_ids': ['56', '6', '34']}
board before adding {'4': '59', '5': '5', '9': '9', '10': '63', '11': '73', '6': '23', '8': '79', '1': '52', '0': '18'}
board after adding {'4': '59', '5': '5', '9': '9', '10': '63', '11': '73', '6': '23', '8': '79', '1': '52', '0': '18', '3': '76', '2': '58', '7': '65'}
{'type': 'make_move', 'session_id': 35, 'username': 'marisa smells', 'card_ids': ['65', '76', '63']}
board before adding {'4': '59', '5': '5', '9': '9', '11': '73', '6': '23', '8': '79', '1': '52', '0': '18', '2': '58'}
board after adding {'4': '59', '5': '5', '9': '9', '11': '73', '6': '23', '8': '79', '1': '52', '0': '18', '2': '58', '3': '69', '7': '77', '10': '31'}
{'type': 'make_move', 'session_id': 35, 'username': 'marisa smells', 'card_ids': ['58', '69', '77']}
board before adding {'4': '59', '5': '5', '9': '9', '11': '73', '6': '23', '8': '79', '1': '52', '0': '18', '10': '31'}
board after adding {'4': '59', '5': '5', '9': '9', '11': '73', '6': '23', '8': '79', '1': '52', '0': '18', '10': '31', '3': '20', '2': '67', '7': '70'}
No valid set found. Adding 3 new cards to the board.
next pos are ['12', '13', '14']
board before adding {'4': '59', '5': '5', '9': '9', '11': '73', '6': '23', '8': '79', '1': '52', '0': '18', '10': '31', '3': '20', '2': '67', '7': '70'}
board after adding {'4': '59', '5': '5', '9': '9', '11': '73', '6': '23', '8': '79', '1': '52', '0': '18', '10': '31', '3': '20', '2': '67', '7': '70', '12': '22', '13': '39', '14': '8'}
{'type': 'make_move', 'session_id': 35, 'username': 'marisa smells', 'card_ids': ['73', '52', '22']}
Moving cards from positions 13-15 to fill empty positions.
state is {'deck': ['71', '54', '44', '19', '55', '80', '60', '57', '1', '37', '13', '30', '42', '12', '66', '40', '48', '50', '27', '78', '72', '47', '43', '32', '64', '45', '25', '38', '24', '4', '7', '49', '28', '41', '11', '74', '36', '2', '61', '62', '33', '17', '21', '14', '68', '16', '81', '26', '35', '15', '3'], 'board': {'4': '59', '5': '5', '9': '9', '6': '23', '8': '79', '0': '18', '10': '31', '3': '20', '2': '67', '7': '70', '13': '39', '14': '8'}, 'selected_sets': [['29', '75', '10'], ['51', '53', '46'], ['56', '6', '34'], ['65', '76', '63'], ['58', '69', '77'], ['73', '52', '22']], 'scores': {'marisa smells': 6, 'bum': 0}, 'player_ids': [18, 19]}
empty positions {'1', '11'}
extra positions ['13', '14']
state after moving {'deck': ['71', '54', '44', '19', '55', '80', '60', '57', '1', '37', '13', '30', '42', '12', '66', '40', '48', '50', '27', '78', '72', '47', '43', '32', '64', '45', '25', '38', '24', '4', '7', '49', '28', '41', '11', '74', '36', '2', '61', '62', '33', '17', '21', '14', '68', '16', '81', '26', '35', '15', '3'], 'board': {'4': '59', '5': '5', '9': '9', '6': '23', '8': '79', '0': '18', '10': '31', '3': '20', '2': '67', '7': '70', '1': '39', '11': '8'}, 'selected_sets': [['29', '75', '10'], ['51', '53', '46'], ['56', '6', '34'], ['65', '76', '63'], ['58', '69', '77'], ['73', '52', '22']], 'scores': {'marisa smells': 6, 'bum': 0}, 'player_ids': [18, 19]}
{'type': 'make_move', 'session_id': 35, 'username': 'marisa smells', 'card_ids': ['39', '79', '5']}
board before adding {'4': '59', '9': '9', '6': '23', '0': '18', '10': '31', '3': '20', '2': '67', '7': '70', '11': '8'}
board after adding {'4': '59', '9': '9', '6': '23', '0': '18', '10': '31', '3': '20', '2': '67', '7': '70', '11': '8', '1': '71', '5': '54', '8': '44'}
{'type': 'make_move', 'session_id': 35, 'username': 'marisa smells', 'card_ids': ['18', '70', '44']}
board before adding {'4': '59', '9': '9', '6': '23', '10': '31', '3': '20', '2': '67', '11': '8', '1': '71', '5': '54'}
board after adding {'4': '59', '9': '9', '6': '23', '10': '31', '3': '20', '2': '67', '11': '8', '1': '71', '5': '54', '7': '19', '0': '55', '8': '80'}
No valid set found. Adding 3 new cards to the board.
next pos are ['12', '13', '14']
board before adding {'4': '59', '9': '9', '6': '23', '10': '31', '3': '20', '2': '67', '11': '8', '1': '71', '5': '54', '7': '19', '0': '55', '8': '80'}
board after adding {'4': '59', '9': '9', '6': '23', '10': '31', '3': '20', '2': '67', '11': '8', '1': '71', '5': '54', '7': '19', '0': '55', '8': '80', '12': '60', '13': '57', '14': '1'}
{'type': 'make_move', 'session_id': 35, 'username': 'marisa smells', 'card_ids': ['57', '80', '67']}
Moving cards from positions 13-15 to fill empty positions.
state is {'deck': ['37', '13', '30', '42', '12', '66', '40', '48', '50', '27', '78', '72', '47', '43', '32', '64', '45', '25', '38', '24', '4', '7', '49', '28', '41', '11', '74', '36', '2', '61', '62', '33', '17', '21', '14', '68', '16', '81', '26', '35', '15', '3'], 'board': {'4': '59', '9': '9', '6': '23', '10': '31', '3': '20', '11': '8', '1': '71', '5': '54', '7': '19', '0': '55', '12': '60', '14': '1'}, 'selected_sets': [['29', '75', '10'], ['51', '53', '46'], ['56', '6', '34'], ['65', '76', '63'], ['58', '69', '77'], ['73', '52', '22'], ['39', '79', '5'], ['18', '70', '44'], ['57', '80', '67']], 'scores': {'marisa smells': 9, 'bum': 0}, 'player_ids': [18, 19]}
empty positions {'2', '8'}
extra positions ['12', '14']
state after moving {'deck': ['37', '13', '30', '42', '12', '66', '40', '48', '50', '27', '78', '72', '47', '43', '32', '64', '45', '25', '38', '24', '4', '7', '49', '28', '41', '11', '74', '36', '2', '61', '62', '33', '17', '21', '14', '68', '16', '81', '26', '35', '15', '3'], 'board': {'4': '59', '9': '9', '6': '23', '10': '31', '3': '20', '11': '8', '1': '71', '5': '54', '7': '19', '0': '55', '2': '60', '8': '1'}, 'selected_sets': [['29', '75', '10'], ['51', '53', '46'], ['56', '6', '34'], ['65', '76', '63'], ['58', '69', '77'], ['73', '52', '22'], ['39', '79', '5'], ['18', '70', '44'], ['57', '80', '67']], 'scores': {'marisa smells': 9, 'bum': 0}, 'player_ids': [18, 19]}
No valid set found. Adding 3 new cards to the board.
next pos are ['12', '13', '14']
board before adding {'4': '59', '9': '9', '6': '23', '10': '31', '3': '20', '11': '8', '1': '71', '5': '54', '7': '19', '0': '55', '2': '60', '8': '1'}
board after adding {'4': '59', '9': '9', '6': '23', '10': '31', '3': '20', '11': '8', '1': '71', '5': '54', '7': '19', '0': '55', '2': '60', '8': '1', '12': '37', '13': '13', '14': '30'}
{'type': 'make_move', 'session_id': 35, 'username': 'marisa smells', 'card_ids': ['37', '19', '55']}
Moving cards from positions 13-15 to fill empty positions.
state is {'deck': ['42', '12', '66', '40', '48', '50', '27', '78', '72', '47', '43', '32', '64', '45', '25', '38', '24', '4', '7', '49', '28', '41', '11', '74', '36', '2', '61', '62', '33', '17', '21', '14', '68', '16', '81', '26', '35', '15', '3'], 'board': {'4': '59', '9': '9', '6': '23', '10': '31', '3': '20', '11': '8', '1': '71', '5': '54', '2': '60', '8': '1', '13': '13', '14': '30'}, 'selected_sets': [['29', '75', '10'], ['51', '53', '46'], ['56', '6', '34'], ['65', '76', '63'], ['58', '69', '77'], ['73', '52', '22'], ['39', '79', '5'], ['18', '70', '44'], ['57', '80', '67'], ['37', '19', '55']], 'scores': {'marisa smells': 10, 'bum': 0}, 'player_ids': [18, 19]}
empty positions {'7', '0'}
extra positions ['13', '14']
state after moving {'deck': ['42', '12', '66', '40', '48', '50', '27', '78', '72', '47', '43', '32', '64', '45', '25', '38', '24', '4', '7', '49', '28', '41', '11', '74', '36', '2', '61', '62', '33', '17', '21', '14', '68', '16', '81', '26', '35', '15', '3'], 'board': {'4': '59', '9': '9', '6': '23', '10': '31', '3': '20', '11': '8', '1': '71', '5': '54', '2': '60', '8': '1', '7': '13', '0': '30'}, 'selected_sets': [['29', '75', '10'], ['51', '53', '46'], ['56', '6', '34'], ['65', '76', '63'], ['58', '69', '77'], ['73', '52', '22'], ['39', '79', '5'], ['18', '70', '44'], ['57', '80', '67'], ['37', '19', '55']], 'scores': {'marisa smells': 10, 'bum': 0}, 'player_ids': [18, 19]}
{'type': 'make_move', 'session_id': 35, 'username': 'marisa smells', 'card_ids': ['30', '60', '9']}
board before adding {'4': '59', '6': '23', '10': '31', '3': '20', '11': '8', '1': '71', '5': '54', '8': '1', '7': '13'}
board after adding {'4': '59', '6': '23', '10': '31', '3': '20', '11': '8', '1': '71', '5': '54', '8': '1', '7': '13', '2': '42', '0': '12', '9': '66'}
{'type': 'make_move', 'session_id': 35, 'username': 'marisa smells', 'card_ids': ['12', '1', '20']}
board before adding {'4': '59', '6': '23', '10': '31', '11': '8', '1': '71', '5': '54', '7': '13', '2': '42', '9': '66'}
board after adding {'4': '59', '6': '23', '10': '31', '11': '8', '1': '71', '5': '54', '7': '13', '2': '42', '9': '66', '3': '40', '0': '48', '8': '50'}
{'type': 'make_move', 'session_id': 35, 'username': 'marisa smells', 'card_ids': ['42', '50', '31']}
board before adding {'4': '59', '6': '23', '11': '8', '1': '71', '5': '54', '7': '13', '9': '66', '3': '40', '0': '48'}
board after adding {'4': '59', '6': '23', '11': '8', '1': '71', '5': '54', '7': '13', '9': '66', '3': '40', '0': '48', '2': '27', '10': '78', '8': '72'}
{'type': 'make_move', 'session_id': 35, 'username': 'marisa smells', 'card_ids': ['48', '27', '78']}
board before adding {'4': '59', '6': '23', '11': '8', '1': '71', '5': '54', '7': '13', '9': '66', '3': '40', '8': '72'}
board after adding {'4': '59', '6': '23', '11': '8', '1': '71', '5': '54', '7': '13', '9': '66', '3': '40', '8': '72', '2': '47', '0': '43', '10': '32'}
No valid set found. Adding 3 new cards to the board.
next pos are ['12', '13', '14']
board before adding {'4': '59', '6': '23', '11': '8', '1': '71', '5': '54', '7': '13', '9': '66', '3': '40', '8': '72', '2': '47', '0': '43', '10': '32'}
board after adding {'4': '59', '6': '23', '11': '8', '1': '71', '5': '54', '7': '13', '9': '66', '3': '40', '8': '72', '2': '47', '0': '43', '10': '32', '12': '64', '13': '45', '14': '25'}
{'type': 'make_move', 'session_id': 35, 'username': 'marisa smells', 'card_ids': ['64', '13', '43']}
Moving cards from positions 13-15 to fill empty positions.
state is {'deck': ['38', '24', '4', '7', '49', '28', '41', '11', '74', '36', '2', '61', '62', '33', '17', '21', '14', '68', '16', '81', '26', '35', '15', '3'], 'board': {'4': '59', '6': '23', '11': '8', '1': '71', '5': '54', '9': '66', '3': '40', '8': '72', '2': '47', '10': '32', '13': '45', '14': '25'}, 'selected_sets': [['29', '75', '10'], ['51', '53', '46'], ['56', '6', '34'], ['65', '76', '63'], ['58', '69', '77'], ['73', '52', '22'], ['39', '79', '5'], ['18', '70', '44'], ['57', '80', '67'], ['37', '19', '55'], ['30', '60', '9'], ['12', '1', '20'], ['42', '50', '31'], ['48', '27', '78'], ['64', '13', '43']], 'scores': {'marisa smells': 15, 'bum': 0}, 'player_ids': [18, 19]}
empty positions {'7', '0'}
extra positions ['13', '14']
state after moving {'deck': ['38', '24', '4', '7', '49', '28', '41', '11', '74', '36', '2', '61', '62', '33', '17', '21', '14', '68', '16', '81', '26', '35', '15', '3'], 'board': {'4': '59', '6': '23', '11': '8', '1': '71', '5': '54', '9': '66', '3': '40', '8': '72', '2': '47', '10': '32', '7': '45', '0': '25'}, 'selected_sets': [['29', '75', '10'], ['51', '53', '46'], ['56', '6', '34'], ['65', '76', '63'], ['58', '69', '77'], ['73', '52', '22'], ['39', '79', '5'], ['18', '70', '44'], ['57', '80', '67'], ['37', '19', '55'], ['30', '60', '9'], ['12', '1', '20'], ['42', '50', '31'], ['48', '27', '78'], ['64', '13', '43']], 'scores': {'marisa smells': 15, 'bum': 0}, 'player_ids': [18, 19]}
{'type': 'make_move', 'session_id': 35, 'username': 'marisa smells', 'card_ids': ['66', '32', '25']}
board before adding {'4': '59', '6': '23', '11': '8', '1': '71', '5': '54', '3': '40', '8': '72', '2': '47', '7': '45'}
board after adding {'4': '59', '6': '23', '11': '8', '1': '71', '5': '54', '3': '40', '8': '72', '2': '47', '7': '45', '9': '38', '0': '24', '10': '4'}
{'type': 'make_move', 'session_id': 35, 'username': 'marisa smells', 'card_ids': ['24', '40', '59']}
board before adding {'6': '23', '11': '8', '1': '71', '5': '54', '8': '72', '2': '47', '7': '45', '9': '38', '10': '4'}
board after adding {'6': '23', '11': '8', '1': '71', '5': '54', '8': '72', '2': '47', '7': '45', '9': '38', '10': '4', '3': '7', '0': '49', '4': '28'}
{'type': 'make_move', 'session_id': 35, 'username': 'marisa smells', 'card_ids': ['49', '47', '54']}
board before adding {'6': '23', '11': '8', '1': '71', '8': '72', '7': '45', '9': '38', '10': '4', '3': '7', '4': '28'}
board after adding {'6': '23', '11': '8', '1': '71', '8': '72', '7': '45', '9': '38', '10': '4', '3': '7', '4': '28', '5': '41', '2': '11', '0': '74'}
{'type': 'make_move', 'session_id': 35, 'username': 'marisa smells', 'card_ids': ['74', '41', '8']}
board before adding {'6': '23', '1': '71', '8': '72', '7': '45', '9': '38', '10': '4', '3': '7', '4': '28', '2': '11'}
board after adding {'6': '23', '1': '71', '8': '72', '7': '45', '9': '38', '10': '4', '3': '7', '4': '28', '2': '11', '5': '36', '11': '2', '0': '61'}
{'type': 'make_move', 'session_id': 35, 'username': 'marisa smells', 'card_ids': ['61', '4', '28']}
board before adding {'6': '23', '1': '71', '8': '72', '7': '45', '9': '38', '3': '7', '2': '11', '5': '36', '11': '2'}
board after adding {'6': '23', '1': '71', '8': '72', '7': '45', '9': '38', '3': '7', '2': '11', '5': '36', '11': '2', '0': '62', '4': '33', '10': '17'}
{'type': 'make_move', 'session_id': 35, 'username': 'marisa smells', 'card_ids': ['62', '7', '36']}
board before adding {'6': '23', '1': '71', '8': '72', '7': '45', '9': '38', '2': '11', '11': '2', '4': '33', '10': '17'}
board after adding {'6': '23', '1': '71', '8': '72', '7': '45', '9': '38', '2': '11', '11': '2', '4': '33', '10': '17', '3': '21', '0': '14', '5': '68'}
{'type': 'make_move', 'session_id': 35, 'username': 'marisa smells', 'card_ids': ['38', '71', '14']}
board before adding {'6': '23', '8': '72', '7': '45', '2': '11', '11': '2', '4': '33', '10': '17', '3': '21', '5': '68'}
board after adding {'6': '23', '8': '72', '7': '45', '2': '11', '11': '2', '4': '33', '10': '17', '3': '21', '5': '68', '1': '16', '0': '81', '9': '26'}
{'type': 'make_move', 'session_id': 35, 'username': 'marisa smells', 'card_ids': ['72', '21', '33']}
board before adding {'6': '23', '7': '45', '2': '11', '11': '2', '10': '17', '5': '68', '1': '16', '0': '81', '9': '26'}
board after adding {'6': '23', '7': '45', '2': '11', '11': '2', '10': '17', '5': '68', '1': '16', '0': '81', '9': '26', '3': '35', '4': '15', '8': '3'}
{'type': 'make_move', 'session_id': 35, 'username': 'marisa smells', 'card_ids': ['81', '16', '35']}
board before adding {'6': '23', '7': '45', '2': '11', '11': '2', '10': '17', '5': '68', '9': '26', '4': '15', '8': '3'}
board after adding {'6': '23', '7': '45', '2': '11', '11': '2', '10': '17', '5': '68', '9': '26', '4': '15', '8': '3'}
{'type': 'make_move', 'session_id': 35, 'username': 'marisa smells', 'card_ids': ['17', '2', '23']}
board before adding {'7': '45', '2': '11', '5': '68', '9': '26', '4': '15', '8': '3'}
board after adding {'7': '45', '2': '11', '5': '68', '9': '26', '4': '15', '8': '3'}
No valid set found. Adding 3 new cards to the board.
No more cards in the deck. Ending the game.
172.18.0.4:35232 - - [24/Feb/2025:16:53:05] "WSDISCONNECT /ws/game/" - -
2025-02-24 18:31:09,256 INFO     Killed 0 pending application instances
